<?xml version="1.0" encoding="UTF-8"?>
<!-- Generated by org.testng.reporters.JUnitReportReporter -->
<testsuite skipped="0" hostname="DESKTOP-0FHHOUS" name="TestCase.LoginTC" tests="2" failures="0" timestamp="19 Aug 2020 05:09:13 GMT" time="12.401" errors="0">
  <testcase name="LoginTC2" time="0.004" classname="TestCase.LoginTC"/>
  <testcase name="LoginTC1" time="12.397" classname="TestCase.LoginTC"/>
</testsuite> <!-- TestCase.LoginTC -->
